l:\wrk_core\main_prj\main\main\debug\vc120.pdb
l:\wrk_core\main_prj\main\main\debug\vc120.idb
l:\wrk_core\main_prj\main\main\debug\abonent.obj
l:\wrk_core\main_prj\main\main\debug\abonent1.obj
l:\wrk_core\main_prj\main\main\debug\abonent2.obj
l:\wrk_core\main_prj\main\main\debug\address.obj
l:\wrk_core\main_prj\main\main\debug\addressservice.obj
l:\wrk_core\main_prj\main\main\debug\mainobj.obj
l:\wrk_core\main_prj\main\main\debug\metaclass.obj
l:\wrk_core\main_prj\main\main\debug\main.obj
l:\wrk_core\main_prj\main\main\debug\msg.obj
l:\wrk_core\main_prj\main\debug\main.ilk
l:\wrk_core\main_prj\main\debug\main.exe
l:\wrk_core\main_prj\main\debug\main.pdb
l:\wrk_core\main_prj\main\main\debug\main.tlog\cl.command.1.tlog
l:\wrk_core\main_prj\main\main\debug\main.tlog\cl.read.1.tlog
l:\wrk_core\main_prj\main\main\debug\main.tlog\cl.write.1.tlog
l:\wrk_core\main_prj\main\main\debug\main.tlog\link.command.1.tlog
l:\wrk_core\main_prj\main\main\debug\main.tlog\link.read.1.tlog
l:\wrk_core\main_prj\main\main\debug\main.tlog\link.write.1.tlog
